Determining if the pthread_create exist failed with the following output:
Change Dir: /home/user/Documents/drone/drone_project/drone_ws/build/CMakeFiles/CMakeTmp

Run Build Command:"/usr/bin/make" "cmTC_bd027/fast"
/usr/bin/make -f CMakeFiles/cmTC_bd027.dir/build.make CMakeFiles/cmTC_bd027.dir/build
make[1]: Entering directory '/home/user/Documents/drone/drone_project/drone_ws/build/CMakeFiles/CMakeTmp'
Building C object CMakeFiles/cmTC_bd027.dir/CheckSymbolExists.c.o
/usr/bin/cc     -o CMakeFiles/cmTC_bd027.dir/CheckSymbolExists.c.o   -c /home/user/Documents/drone/drone_project/drone_ws/build/CMakeFiles/CMakeTmp/CheckSymbolExists.c
Linking C executable cmTC_bd027
/usr/bin/cmake -E cmake_link_script CMakeFiles/cmTC_bd027.dir/link.txt --verbose=1
/usr/bin/cc       CMakeFiles/cmTC_bd027.dir/CheckSymbolExists.c.o  -o cmTC_bd027 -rdynamic 
CMakeFiles/cmTC_bd027.dir/CheckSymbolExists.c.o: In function `main':
CheckSymbolExists.c:(.text+0x16): undefined reference to `pthread_create'
collect2: error: ld returned 1 exit status
CMakeFiles/cmTC_bd027.dir/build.make:97: recipe for target 'cmTC_bd027' failed
make[1]: *** [cmTC_bd027] Error 1
make[1]: Leaving directory '/home/user/Documents/drone/drone_project/drone_ws/build/CMakeFiles/CMakeTmp'
Makefile:126: recipe for target 'cmTC_bd027/fast' failed
make: *** [cmTC_bd027/fast] Error 2

File /home/user/Documents/drone/drone_project/drone_ws/build/CMakeFiles/CMakeTmp/CheckSymbolExists.c:
/* */
#include <pthread.h>

int main(int argc, char** argv)
{
  (void)argv;
#ifndef pthread_create
  return ((int*)(&pthread_create))[argc];
#else
  (void)argc;
  return 0;
#endif
}

Determining if the function pthread_create exists in the pthreads failed with the following output:
Change Dir: /home/user/Documents/drone/drone_project/drone_ws/build/CMakeFiles/CMakeTmp

Run Build Command:"/usr/bin/make" "cmTC_cf09b/fast"
/usr/bin/make -f CMakeFiles/cmTC_cf09b.dir/build.make CMakeFiles/cmTC_cf09b.dir/build
make[1]: Entering directory '/home/user/Documents/drone/drone_project/drone_ws/build/CMakeFiles/CMakeTmp'
Building C object CMakeFiles/cmTC_cf09b.dir/CheckFunctionExists.c.o
/usr/bin/cc    -DCHECK_FUNCTION_EXISTS=pthread_create   -o CMakeFiles/cmTC_cf09b.dir/CheckFunctionExists.c.o   -c /usr/share/cmake-3.5/Modules/CheckFunctionExists.c
Linking C executable cmTC_cf09b
/usr/bin/cmake -E cmake_link_script CMakeFiles/cmTC_cf09b.dir/link.txt --verbose=1
/usr/bin/cc   -DCHECK_FUNCTION_EXISTS=pthread_create    CMakeFiles/cmTC_cf09b.dir/CheckFunctionExists.c.o  -o cmTC_cf09b -rdynamic -lpthreads 
/usr/bin/ld: cannot find -lpthreads
collect2: error: ld returned 1 exit status
CMakeFiles/cmTC_cf09b.dir/build.make:97: recipe for target 'cmTC_cf09b' failed
make[1]: *** [cmTC_cf09b] Error 1
make[1]: Leaving directory '/home/user/Documents/drone/drone_project/drone_ws/build/CMakeFiles/CMakeTmp'
Makefile:126: recipe for target 'cmTC_cf09b/fast' failed
make: *** [cmTC_cf09b/fast] Error 2


